<?xml version="1.0" encoding="UTF-8"?>
<testng-results ignored="0" total="4" passed="4" failed="0" skipped="0">
  <reporter-output>
  </reporter-output>
  <suite started-at="2023-09-12T15:18:41 IST" name="LearnSuite" finished-at="2023-09-12T15:19:50 IST" duration-ms="69253">
    <groups>
    </groups>
    <test started-at="2023-09-12T15:18:41 IST" name="LearnTest" finished-at="2023-09-12T15:19:50 IST" duration-ms="69253">
      <class name="testpackage.TC_001_ProfServicesTest">
        <test-method is-config="true" signature="setup(java.lang.String)[pri:0, instance:testpackage.TC_001_ProfServicesTest@6d4d66d2]" started-at="2023-09-12T15:18:41 IST" name="setup" finished-at="2023-09-12T15:18:51 IST" duration-ms="9546" status="PASS">
          <params>
            <param index="0">
              <value>
                <![CDATA[chrome]]>
              </value>
            </param>
          </params>
          <reporter-output>
          </reporter-output>
        </test-method> <!-- setup -->
        <test-method signature="test_profservices()[pri:1, instance:testpackage.TC_001_ProfServicesTest@6d4d66d2]" started-at="2023-09-12T15:18:51 IST" name="test_profservices" finished-at="2023-09-12T15:18:54 IST" duration-ms="3377" status="PASS">
          <reporter-output>
          </reporter-output>
        </test-method> <!-- test_profservices -->
        <test-method signature="test_fillForm()[pri:2, instance:testpackage.TC_001_ProfServicesTest@6d4d66d2]" started-at="2023-09-12T15:18:54 IST" name="test_fillForm" finished-at="2023-09-12T15:19:08 IST" duration-ms="13317" status="PASS">
          <reporter-output>
          </reporter-output>
        </test-method> <!-- test_fillForm -->
        <test-method is-config="true" signature="teardown()[pri:0, instance:testpackage.TC_001_ProfServicesTest@6d4d66d2]" started-at="2023-09-12T15:19:08 IST" name="teardown" finished-at="2023-09-12T15:19:09 IST" duration-ms="1291" status="PASS">
          <reporter-output>
          </reporter-output>
        </test-method> <!-- teardown -->
      </class> <!-- testpackage.TC_001_ProfServicesTest -->
      <class name="testpackage.TC_002_LearningTest">
        <test-method is-config="true" signature="setup(java.lang.String)[pri:0, instance:testpackage.TC_002_LearningTest@1530c739]" started-at="2023-09-12T15:19:09 IST" name="setup" finished-at="2023-09-12T15:19:16 IST" duration-ms="7177" status="PASS">
          <params>
            <param index="0">
              <value>
                <![CDATA[chrome]]>
              </value>
            </param>
          </params>
          <reporter-output>
          </reporter-output>
        </test-method> <!-- setup -->
        <test-method signature="test_learning()[pri:1, instance:testpackage.TC_002_LearningTest@1530c739]" started-at="2023-09-12T15:19:16 IST" name="test_learning" finished-at="2023-09-12T15:19:35 IST" duration-ms="19121" status="PASS">
          <reporter-output>
          </reporter-output>
        </test-method> <!-- test_learning -->
        <test-method signature="test_signin()[pri:2, instance:testpackage.TC_002_LearningTest@1530c739]" started-at="2023-09-12T15:19:35 IST" name="test_signin" finished-at="2023-09-12T15:19:49 IST" duration-ms="13717" status="PASS">
          <reporter-output>
          </reporter-output>
        </test-method> <!-- test_signin -->
        <test-method is-config="true" signature="teardown()[pri:0, instance:testpackage.TC_002_LearningTest@1530c739]" started-at="2023-09-12T15:19:49 IST" name="teardown" finished-at="2023-09-12T15:19:50 IST" duration-ms="1276" status="PASS">
          <reporter-output>
          </reporter-output>
        </test-method> <!-- teardown -->
      </class> <!-- testpackage.TC_002_LearningTest -->
    </test> <!-- LearnTest -->
  </suite> <!-- LearnSuite -->
</testng-results>
