<?xml version="1.0" encoding="UTF-8"?>
<testsuite xmlns:xsi="http://www.w3.org/2001/XMLSchema-instance" xsi:noNamespaceSchemaLocation="https://maven.apache.org/surefire/maven-surefire-plugin/xsd/surefire-test-report-3.0.xsd" version="3.0" name="TestSuite" time="70.565" tests="4" errors="0" skipped="0" failures="0">
  <properties>
[...]
</properties>
  <testcase name="test_profservices" classname="testpackage.TC_001_ProfServicesTest" time="3.394">
    <system-err><![CDATA[SLF4J: No SLF4J providers were found.
SLF4J: Defaulting to no-operation (NOP) logger implementation
SLF4J: See https://www.slf4j.org/codes.html#noProviders for further details.
Sep 12, 2023 3:18:46 PM org.openqa.selenium.manager.SeleniumManager lambda$runCommand$1
WARNING: The chromedriver version (113.0.5672.63) detected in PATH at C:\New folder\chromedriver_win32\chromedriver.exe might not be compatible with the detected chrome version (114.0.5735.134); currently, chromedriver 114.0.5735.90 is recommended for chrome 114.*, so it is advised to delete the driver in PATH and retry
]]></system-err>
  </testcase>
  <testcase name="test_fillForm" classname="testpackage.TC_001_ProfServicesTest" time="13.317"/>
  <testcase name="test_learning" classname="testpackage.TC_002_LearningTest" time="19.122">
    <system-err><![CDATA[Sep 12, 2023 3:19:12 PM org.openqa.selenium.manager.SeleniumManager lambda$runCommand$1
WARNING: The chromedriver version (113.0.5672.63) detected in PATH at C:\New folder\chromedriver_win32\chromedriver.exe might not be compatible with the detected chrome version (114.0.5735.134); currently, chromedriver 114.0.5735.90 is recommended for chrome 114.*, so it is advised to delete the driver in PATH and retry
]]></system-err>
  </testcase>
  <testcase name="test_signin" classname="testpackage.TC_002_LearningTest" time="13.72">
    <system-out><![CDATA[Invalid email or password.
]]></system-out>
  </testcase>
</testsuite>