<?xml version="1.0" encoding="UTF-8"?>
<!-- Generated by org.testng.reporters.JUnitXMLReporter -->
<testsuite ignored="0" hostname="LTIN260857" failures="0" tests="4" name="LearnTest" time="55.25" errors="0" timestamp="2023-09-12T15:15:18 IST">
  <testcase classname="testpackage.TC_001_ProfServicesTest" name="test_profservices" time="3.324"/>
  <testcase classname="testpackage.TC_001_ProfServicesTest" name="test_fillForm" time="12.893"/>
  <testcase classname="testpackage.TC_002_LearningTest" name="test_learning" time="8.702"/>
  <testcase classname="testpackage.TC_002_LearningTest" name="test_signin" time="7.05"/>
</testsuite> <!-- LearnTest -->
