<?xml version="1.0" encoding="UTF-8"?>
<!-- Generated by org.testng.reporters.JUnitXMLReporter -->
<testsuite ignored="0" hostname="LTIN260857" failures="0" tests="4" name="LearnTest" time="69.253" errors="0" timestamp="2023-09-12T15:19:51 IST">
  <testcase classname="testpackage.TC_001_ProfServicesTest" name="test_profservices" time="3.377"/>
  <testcase classname="testpackage.TC_001_ProfServicesTest" name="test_fillForm" time="13.317"/>
  <testcase classname="testpackage.TC_002_LearningTest" name="test_learning" time="19.121"/>
  <testcase classname="testpackage.TC_002_LearningTest" name="test_signin" time="13.717"/>
</testsuite> <!-- LearnTest -->
